[2019-07-08 21:26:00] production.ERROR: SQLSTATE[HY000] [1044] Access denied for user ''@'localhost' to database 'forge' (SQL: select * from information_schema.tables where table_schema = forge and table_name = migrations and table_type = 'BASE TABLE') {"exception":"[object] (Illuminate\\Database\\QueryException(code: 1044): SQLSTATE[HY000] [1044] Access denied for user ''@'localhost' to database 'forge' (SQL: select * from information_schema.tables where table_schema = forge and table_name = migrations and table_type = 'BASE TABLE') at C:\\Users\\tomeshi\\Documents\\Andrea\\PFS2\\ProjetoIntegrador\\Camila\\ProjIntegradorArq1\\ProjIntegradorArq1\\MeSustenta\\vendor\\laravel\\framework\\src\\Illuminate\\Database\\Connection.php:664, PDOException(code: 1044): SQLSTATE[HY000] [1044] Access denied for user ''@'localhost' to database 'forge' at C:\\Users\\tomeshi\\Documents\\Andrea\\PFS2\\ProjetoIntegrador\\Camila\\ProjIntegradorArq1\\ProjIntegradorArq1\\MeSustenta\\vendor\\laravel\\framework\\src\\Illuminate\\Database\\Connectors\\Connector.php:70)
[stacktrace]
#0 C:\\Users\\tomeshi\\Documents\\Andrea\\PFS2\\ProjetoIntegrador\\Camila\\ProjIntegradorArq1\\ProjIntegradorArq1\\MeSustenta\\vendor\\laravel\\framework\\src\\Illuminate\\Database\\Connection.php(624): Illuminate\\Database\\Connection->runQueryCallback('select * from i...', Array, Object(Closure))
#1 C:\\Users\\tomeshi\\Documents\\Andrea\\PFS2\\ProjetoIntegrador\\Camila\\ProjIntegradorArq1\\ProjIntegradorArq1\\MeSustenta\\vendor\\laravel\\framework\\src\\Illuminate\\Database\\Connection.php(333): Illuminate\\Database\\Connection->run('select * from i...', Array, Object(Closure))
#2 C:\\Users\\tomeshi\\Documents\\Andrea\\PFS2\\ProjetoIntegrador\\Camila\\ProjIntegradorArq1\\ProjIntegradorArq1\\MeSustenta\\vendor\\laravel\\framework\\src\\Illuminate\\Database\\Schema\\MySqlBuilder.php(18): Illuminate\\Database\\Connection->select('select * from i...', Array)
#3 C:\\Users\\tomeshi\\Documents\\Andrea\\PFS2\\ProjetoIntegrador\\Camila\\ProjIntegradorArq1\\ProjIntegradorArq1\\MeSustenta\\vendor\\laravel\\framework\\src\\Illuminate\\Database\\Migrations\\DatabaseMigrationRepository.php(169): Illuminate\\Database\\Schema\\MySqlBuilder->hasTable('migrations')
#4 C:\\Users\\tomeshi\\Documents\\Andrea\\PFS2\\ProjetoIntegrador\\Camila\\ProjIntegradorArq1\\ProjIntegradorArq1\\MeSustenta\\vendor\\laravel\\framework\\src\\Illuminate\\Database\\Migrations\\Migrator.php(577): Illuminate\\Database\\Migrations\\DatabaseMigrationRepository->repositoryExists()
#5 C:\\Users\\tomeshi\\Documents\\Andrea\\PFS2\\ProjetoIntegrador\\Camila\\ProjIntegradorArq1\\ProjIntegradorArq1\\MeSustenta\\vendor\\laravel\\framework\\src\\Illuminate\\Database\\Console\\Migrations\\MigrateCommand.php(91): Illuminate\\Database\\Migrations\\Migrator->repositoryExists()
#6 C:\\Users\\tomeshi\\Documents\\Andrea\\PFS2\\ProjetoIntegrador\\Camila\\ProjIntegradorArq1\\ProjIntegradorArq1\\MeSustenta\\vendor\\laravel\\framework\\src\\Illuminate\\Database\\Console\\Migrations\\MigrateCommand.php(63): Illuminate\\Database\\Console\\Migrations\\MigrateCommand->prepareDatabase()
#7 [internal function]: Illuminate\\Database\\Console\\Migrations\\MigrateCommand->handle()
#8 C:\\Users\\tomeshi\\Documents\\Andrea\\PFS2\\ProjetoIntegrador\\Camila\\ProjIntegradorArq1\\ProjIntegradorArq1\\MeSustenta\\vendor\\laravel\\framework\\src\\Illuminate\\Container\\BoundMethod.php(32): call_user_func_array(Array, Array)
#9 C:\\Users\\tomeshi\\Documents\\Andrea\\PFS2\\ProjetoIntegrador\\Camila\\ProjIntegradorArq1\\ProjIntegradorArq1\\MeSustenta\\vendor\\laravel\\framework\\src\\Illuminate\\Container\\BoundMethod.php(90): Illuminate\\Container\\BoundMethod::Illuminate\\Container\\{closure}()
#10 C:\\Users\\tomeshi\\Documents\\Andrea\\PFS2\\ProjetoIntegrador\\Camila\\ProjIntegradorArq1\\ProjIntegradorArq1\\MeSustenta\\vendor\\laravel\\framework\\src\\Illuminate\\Container\\BoundMethod.php(34): Illuminate\\Container\\BoundMethod::callBoundMethod(Object(Illuminate\\Foundation\\Application), Array, Object(Closure))
#11 C:\\Users\\tomeshi\\Documents\\Andrea\\PFS2\\ProjetoIntegrador\\Camila\\ProjIntegradorArq1\\ProjIntegradorArq1\\MeSustenta\\vendor\\laravel\\framework\\src\\Illuminate\\Container\\Container.php(576): Illuminate\\Container\\BoundMethod::call(Object(Illuminate\\Foundation\\Application), Array, Array, NULL)
#12 C:\\Users\\tomeshi\\Documents\\Andrea\\PFS2\\ProjetoIntegrador\\Camila\\ProjIntegradorArq1\\ProjIntegradorArq1\\MeSustenta\\vendor\\laravel\\framework\\src\\Illuminate\\Console\\Command.php(183): Illuminate\\Container\\Container->call(Array)
#13 C:\\Users\\tomeshi\\Documents\\Andrea\\PFS2\\ProjetoIntegrador\\Camila\\ProjIntegradorArq1\\ProjIntegradorArq1\\MeSustenta\\vendor\\symfony\\console\\Command\\Command.php(255): Illuminate\\Console\\Command->execute(Object(Symfony\\Component\\Console\\Input\\ArgvInput), Object(Illuminate\\Console\\OutputStyle))
#14 C:\\Users\\tomeshi\\Documents\\Andrea\\PFS2\\ProjetoIntegrador\\Camila\\ProjIntegradorArq1\\ProjIntegradorArq1\\MeSustenta\\vendor\\laravel\\framework\\src\\Illuminate\\Console\\Command.php(170): Symfony\\Component\\Console\\Command\\Command->run(Object(Symfony\\Component\\Console\\Input\\ArgvInput), Object(Illuminate\\Console\\OutputStyle))
#15 C:\\Users\\tomeshi\\Documents\\Andrea\\PFS2\\ProjetoIntegrador\\Camila\\ProjIntegradorArq1\\ProjIntegradorArq1\\MeSustenta\\vendor\\symfony\\console\\Application.php(921): Illuminate\\Console\\Command->run(Object(Symfony\\Component\\Console\\Input\\ArgvInput), Object(Symfony\\Component\\Console\\Output\\ConsoleOutput))
#16 C:\\Users\\tomeshi\\Documents\\Andrea\\PFS2\\ProjetoIntegrador\\Camila\\ProjIntegradorArq1\\ProjIntegradorArq1\\MeSustenta\\vendor\\symfony\\console\\Application.php(273): Symfony\\Component\\Console\\Application->doRunCommand(Object(Illuminate\\Database\\Console\\Migrations\\MigrateCommand), Object(Symfony\\Component\\Console\\Input\\ArgvInput), Object(Symfony\\Component\\Console\\Output\\ConsoleOutput))
#17 C:\\Users\\tomeshi\\Documents\\Andrea\\PFS2\\ProjetoIntegrador\\Camila\\ProjIntegradorArq1\\ProjIntegradorArq1\\MeSustenta\\vendor\\symfony\\console\\Application.php(149): Symfony\\Component\\Console\\Application->doRun(Object(Symfony\\Component\\Console\\Input\\ArgvInput), Object(Symfony\\Component\\Console\\Output\\ConsoleOutput))
#18 C:\\Users\\tomeshi\\Documents\\Andrea\\PFS2\\ProjetoIntegrador\\Camila\\ProjIntegradorArq1\\ProjIntegradorArq1\\MeSustenta\\vendor\\laravel\\framework\\src\\Illuminate\\Console\\Application.php(90): Symfony\\Component\\Console\\Application->run(Object(Symfony\\Component\\Console\\Input\\ArgvInput), Object(Symfony\\Component\\Console\\Output\\ConsoleOutput))
#19 C:\\Users\\tomeshi\\Documents\\Andrea\\PFS2\\ProjetoIntegrador\\Camila\\ProjIntegradorArq1\\ProjIntegradorArq1\\MeSustenta\\vendor\\laravel\\framework\\src\\Illuminate\\Foundation\\Console\\Kernel.php(133): Illuminate\\Console\\Application->run(Object(Symfony\\Component\\Console\\Input\\ArgvInput), Object(Symfony\\Component\\Console\\Output\\ConsoleOutput))
#20 C:\\Users\\tomeshi\\Documents\\Andrea\\PFS2\\ProjetoIntegrador\\Camila\\ProjIntegradorArq1\\ProjIntegradorArq1\\MeSustenta\\artisan(37): Illuminate\\Foundation\\Console\\Kernel->handle(Object(Symfony\\Component\\Console\\Input\\ArgvInput), Object(Symfony\\Component\\Console\\Output\\ConsoleOutput))
#21 {main}
"} 
[2019-07-08 21:32:39] production.ERROR: SQLSTATE[HY000] [1044] Access denied for user ''@'localhost' to database 'forge' (SQL: select * from information_schema.tables where table_schema = forge and table_name = migrations and table_type = 'BASE TABLE') {"exception":"[object] (Illuminate\\Database\\QueryException(code: 1044): SQLSTATE[HY000] [1044] Access denied for user ''@'localhost' to database 'forge' (SQL: select * from information_schema.tables where table_schema = forge and table_name = migrations and table_type = 'BASE TABLE') at C:\\Users\\tomeshi\\Documents\\Andrea\\PFS2\\ProjetoIntegrador\\Camila\\ProjIntegradorArq1\\ProjIntegradorArq1\\MeSustenta\\vendor\\laravel\\framework\\src\\Illuminate\\Database\\Connection.php:664, PDOException(code: 1044): SQLSTATE[HY000] [1044] Access denied for user ''@'localhost' to database 'forge' at C:\\Users\\tomeshi\\Documents\\Andrea\\PFS2\\ProjetoIntegrador\\Camila\\ProjIntegradorArq1\\ProjIntegradorArq1\\MeSustenta\\vendor\\laravel\\framework\\src\\Illuminate\\Database\\Connectors\\Connector.php:70)
[stacktrace]
#0 C:\\Users\\tomeshi\\Documents\\Andrea\\PFS2\\ProjetoIntegrador\\Camila\\ProjIntegradorArq1\\ProjIntegradorArq1\\MeSustenta\\vendor\\laravel\\framework\\src\\Illuminate\\Database\\Connection.php(624): Illuminate\\Database\\Connection->runQueryCallback('select * from i...', Array, Object(Closure))
#1 C:\\Users\\tomeshi\\Documents\\Andrea\\PFS2\\ProjetoIntegrador\\Camila\\ProjIntegradorArq1\\ProjIntegradorArq1\\MeSustenta\\vendor\\laravel\\framework\\src\\Illuminate\\Database\\Connection.php(333): Illuminate\\Database\\Connection->run('select * from i...', Array, Object(Closure))
#2 C:\\Users\\tomeshi\\Documents\\Andrea\\PFS2\\ProjetoIntegrador\\Camila\\ProjIntegradorArq1\\ProjIntegradorArq1\\MeSustenta\\vendor\\laravel\\framework\\src\\Illuminate\\Database\\Schema\\MySqlBuilder.php(18): Illuminate\\Database\\Connection->select('select * from i...', Array)
#3 C:\\Users\\tomeshi\\Documents\\Andrea\\PFS2\\ProjetoIntegrador\\Camila\\ProjIntegradorArq1\\ProjIntegradorArq1\\MeSustenta\\vendor\\laravel\\framework\\src\\Illuminate\\Database\\Migrations\\DatabaseMigrationRepository.php(169): Illuminate\\Database\\Schema\\MySqlBuilder->hasTable('migrations')
#4 C:\\Users\\tomeshi\\Documents\\Andrea\\PFS2\\ProjetoIntegrador\\Camila\\ProjIntegradorArq1\\ProjIntegradorArq1\\MeSustenta\\vendor\\laravel\\framework\\src\\Illuminate\\Database\\Migrations\\Migrator.php(577): Illuminate\\Database\\Migrations\\DatabaseMigrationRepository->repositoryExists()
#5 C:\\Users\\tomeshi\\Documents\\Andrea\\PFS2\\ProjetoIntegrador\\Camila\\ProjIntegradorArq1\\ProjIntegradorArq1\\MeSustenta\\vendor\\laravel\\framework\\src\\Illuminate\\Database\\Console\\Migrations\\MigrateCommand.php(91): Illuminate\\Database\\Migrations\\Migrator->repositoryExists()
#6 C:\\Users\\tomeshi\\Documents\\Andrea\\PFS2\\ProjetoIntegrador\\Camila\\ProjIntegradorArq1\\ProjIntegradorArq1\\MeSustenta\\vendor\\laravel\\framework\\src\\Illuminate\\Database\\Console\\Migrations\\MigrateCommand.php(63): Illuminate\\Database\\Console\\Migrations\\MigrateCommand->prepareDatabase()
#7 [internal function]: Illuminate\\Database\\Console\\Migrations\\MigrateCommand->handle()
#8 C:\\Users\\tomeshi\\Documents\\Andrea\\PFS2\\ProjetoIntegrador\\Camila\\ProjIntegradorArq1\\ProjIntegradorArq1\\MeSustenta\\vendor\\laravel\\framework\\src\\Illuminate\\Container\\BoundMethod.php(32): call_user_func_array(Array, Array)
#9 C:\\Users\\tomeshi\\Documents\\Andrea\\PFS2\\ProjetoIntegrador\\Camila\\ProjIntegradorArq1\\ProjIntegradorArq1\\MeSustenta\\vendor\\laravel\\framework\\src\\Illuminate\\Container\\BoundMethod.php(90): Illuminate\\Container\\BoundMethod::Illuminate\\Container\\{closure}()
#10 C:\\Users\\tomeshi\\Documents\\Andrea\\PFS2\\ProjetoIntegrador\\Camila\\ProjIntegradorArq1\\ProjIntegradorArq1\\MeSustenta\\vendor\\laravel\\framework\\src\\Illuminate\\Container\\BoundMethod.php(34): Illuminate\\Container\\BoundMethod::callBoundMethod(Object(Illuminate\\Foundation\\Application), Array, Object(Closure))
#11 C:\\Users\\tomeshi\\Documents\\Andrea\\PFS2\\ProjetoIntegrador\\Camila\\ProjIntegradorArq1\\ProjIntegradorArq1\\MeSustenta\\vendor\\laravel\\framework\\src\\Illuminate\\Container\\Container.php(576): Illuminate\\Container\\BoundMethod::call(Object(Illuminate\\Foundation\\Application), Array, Array, NULL)
#12 C:\\Users\\tomeshi\\Documents\\Andrea\\PFS2\\ProjetoIntegrador\\Camila\\ProjIntegradorArq1\\ProjIntegradorArq1\\MeSustenta\\vendor\\laravel\\framework\\src\\Illuminate\\Console\\Command.php(183): Illuminate\\Container\\Container->call(Array)
#13 C:\\Users\\tomeshi\\Documents\\Andrea\\PFS2\\ProjetoIntegrador\\Camila\\ProjIntegradorArq1\\ProjIntegradorArq1\\MeSustenta\\vendor\\symfony\\console\\Command\\Command.php(255): Illuminate\\Console\\Command->execute(Object(Symfony\\Component\\Console\\Input\\ArgvInput), Object(Illuminate\\Console\\OutputStyle))
#14 C:\\Users\\tomeshi\\Documents\\Andrea\\PFS2\\ProjetoIntegrador\\Camila\\ProjIntegradorArq1\\ProjIntegradorArq1\\MeSustenta\\vendor\\laravel\\framework\\src\\Illuminate\\Console\\Command.php(170): Symfony\\Component\\Console\\Command\\Command->run(Object(Symfony\\Component\\Console\\Input\\ArgvInput), Object(Illuminate\\Console\\OutputStyle))
#15 C:\\Users\\tomeshi\\Documents\\Andrea\\PFS2\\ProjetoIntegrador\\Camila\\ProjIntegradorArq1\\ProjIntegradorArq1\\MeSustenta\\vendor\\symfony\\console\\Application.php(921): Illuminate\\Console\\Command->run(Object(Symfony\\Component\\Console\\Input\\ArgvInput), Object(Symfony\\Component\\Console\\Output\\ConsoleOutput))
#16 C:\\Users\\tomeshi\\Documents\\Andrea\\PFS2\\ProjetoIntegrador\\Camila\\ProjIntegradorArq1\\ProjIntegradorArq1\\MeSustenta\\vendor\\symfony\\console\\Application.php(273): Symfony\\Component\\Console\\Application->doRunCommand(Object(Illuminate\\Database\\Console\\Migrations\\MigrateCommand), Object(Symfony\\Component\\Console\\Input\\ArgvInput), Object(Symfony\\Component\\Console\\Output\\ConsoleOutput))
#17 C:\\Users\\tomeshi\\Documents\\Andrea\\PFS2\\ProjetoIntegrador\\Camila\\ProjIntegradorArq1\\ProjIntegradorArq1\\MeSustenta\\vendor\\symfony\\console\\Application.php(149): Symfony\\Component\\Console\\Application->doRun(Object(Symfony\\Component\\Console\\Input\\ArgvInput), Object(Symfony\\Component\\Console\\Output\\ConsoleOutput))
#18 C:\\Users\\tomeshi\\Documents\\Andrea\\PFS2\\ProjetoIntegrador\\Camila\\ProjIntegradorArq1\\ProjIntegradorArq1\\MeSustenta\\vendor\\laravel\\framework\\src\\Illuminate\\Console\\Application.php(90): Symfony\\Component\\Console\\Application->run(Object(Symfony\\Component\\Console\\Input\\ArgvInput), Object(Symfony\\Component\\Console\\Output\\ConsoleOutput))
#19 C:\\Users\\tomeshi\\Documents\\Andrea\\PFS2\\ProjetoIntegrador\\Camila\\ProjIntegradorArq1\\ProjIntegradorArq1\\MeSustenta\\vendor\\laravel\\framework\\src\\Illuminate\\Foundation\\Console\\Kernel.php(133): Illuminate\\Console\\Application->run(Object(Symfony\\Component\\Console\\Input\\ArgvInput), Object(Symfony\\Component\\Console\\Output\\ConsoleOutput))
#20 C:\\Users\\tomeshi\\Documents\\Andrea\\PFS2\\ProjetoIntegrador\\Camila\\ProjIntegradorArq1\\ProjIntegradorArq1\\MeSustenta\\artisan(37): Illuminate\\Foundation\\Console\\Kernel->handle(Object(Symfony\\Component\\Console\\Input\\ArgvInput), Object(Symfony\\Component\\Console\\Output\\ConsoleOutput))
#21 {main}
"} 
[2019-07-08 21:37:13] production.ERROR: SQLSTATE[HY000] [1044] Access denied for user ''@'localhost' to database 'forge' (SQL: create table `migrations` (`id` int unsigned not null auto_increment primary key, `migration` varchar(191) not null, `batch` int not null) default character set utf8mb4 collate 'utf8mb4_unicode_ci') {"exception":"[object] (Illuminate\\Database\\QueryException(code: 1044): SQLSTATE[HY000] [1044] Access denied for user ''@'localhost' to database 'forge' (SQL: create table `migrations` (`id` int unsigned not null auto_increment primary key, `migration` varchar(191) not null, `batch` int not null) default character set utf8mb4 collate 'utf8mb4_unicode_ci') at C:\\Users\\tomeshi\\Documents\\Andrea\\PFS2\\ProjetoIntegrador\\Camila\\ProjIntegradorArq1\\ProjIntegradorArq1\\MeSustenta\\vendor\\laravel\\framework\\src\\Illuminate\\Database\\Connection.php:664, PDOException(code: 1044): SQLSTATE[HY000] [1044] Access denied for user ''@'localhost' to database 'forge' at C:\\Users\\tomeshi\\Documents\\Andrea\\PFS2\\ProjetoIntegrador\\Camila\\ProjIntegradorArq1\\ProjIntegradorArq1\\MeSustenta\\vendor\\laravel\\framework\\src\\Illuminate\\Database\\Connectors\\Connector.php:70)
[stacktrace]
#0 C:\\Users\\tomeshi\\Documents\\Andrea\\PFS2\\ProjetoIntegrador\\Camila\\ProjIntegradorArq1\\ProjIntegradorArq1\\MeSustenta\\vendor\\laravel\\framework\\src\\Illuminate\\Database\\Connection.php(624): Illuminate\\Database\\Connection->runQueryCallback('create table `m...', Array, Object(Closure))
#1 C:\\Users\\tomeshi\\Documents\\Andrea\\PFS2\\ProjetoIntegrador\\Camila\\ProjIntegradorArq1\\ProjIntegradorArq1\\MeSustenta\\vendor\\laravel\\framework\\src\\Illuminate\\Database\\Connection.php(459): Illuminate\\Database\\Connection->run('create table `m...', Array, Object(Closure))
#2 C:\\Users\\tomeshi\\Documents\\Andrea\\PFS2\\ProjetoIntegrador\\Camila\\ProjIntegradorArq1\\ProjIntegradorArq1\\MeSustenta\\vendor\\laravel\\framework\\src\\Illuminate\\Database\\Schema\\Blueprint.php(97): Illuminate\\Database\\Connection->statement('create table `m...')
#3 C:\\Users\\tomeshi\\Documents\\Andrea\\PFS2\\ProjetoIntegrador\\Camila\\ProjIntegradorArq1\\ProjIntegradorArq1\\MeSustenta\\vendor\\laravel\\framework\\src\\Illuminate\\Database\\Schema\\Builder.php(278): Illuminate\\Database\\Schema\\Blueprint->build(Object(Illuminate\\Database\\MySqlConnection), Object(Illuminate\\Database\\Schema\\Grammars\\MySqlGrammar))
#4 C:\\Users\\tomeshi\\Documents\\Andrea\\PFS2\\ProjetoIntegrador\\Camila\\ProjIntegradorArq1\\ProjIntegradorArq1\\MeSustenta\\vendor\\laravel\\framework\\src\\Illuminate\\Database\\Schema\\Builder.php(167): Illuminate\\Database\\Schema\\Builder->build(Object(Illuminate\\Database\\Schema\\Blueprint))
#5 C:\\Users\\tomeshi\\Documents\\Andrea\\PFS2\\ProjetoIntegrador\\Camila\\ProjIntegradorArq1\\ProjIntegradorArq1\\MeSustenta\\vendor\\laravel\\framework\\src\\Illuminate\\Database\\Migrations\\DatabaseMigrationRepository.php(157): Illuminate\\Database\\Schema\\Builder->create('migrations', Object(Closure))
#6 C:\\Users\\tomeshi\\Documents\\Andrea\\PFS2\\ProjetoIntegrador\\Camila\\ProjIntegradorArq1\\ProjIntegradorArq1\\MeSustenta\\vendor\\laravel\\framework\\src\\Illuminate\\Database\\Console\\Migrations\\InstallCommand.php(54): Illuminate\\Database\\Migrations\\DatabaseMigrationRepository->createRepository()
#7 [internal function]: Illuminate\\Database\\Console\\Migrations\\InstallCommand->handle()
#8 C:\\Users\\tomeshi\\Documents\\Andrea\\PFS2\\ProjetoIntegrador\\Camila\\ProjIntegradorArq1\\ProjIntegradorArq1\\MeSustenta\\vendor\\laravel\\framework\\src\\Illuminate\\Container\\BoundMethod.php(32): call_user_func_array(Array, Array)
#9 C:\\Users\\tomeshi\\Documents\\Andrea\\PFS2\\ProjetoIntegrador\\Camila\\ProjIntegradorArq1\\ProjIntegradorArq1\\MeSustenta\\vendor\\laravel\\framework\\src\\Illuminate\\Container\\BoundMethod.php(90): Illuminate\\Container\\BoundMethod::Illuminate\\Container\\{closure}()
#10 C:\\Users\\tomeshi\\Documents\\Andrea\\PFS2\\ProjetoIntegrador\\Camila\\ProjIntegradorArq1\\ProjIntegradorArq1\\MeSustenta\\vendor\\laravel\\framework\\src\\Illuminate\\Container\\BoundMethod.php(34): Illuminate\\Container\\BoundMethod::callBoundMethod(Object(Illuminate\\Foundation\\Application), Array, Object(Closure))
#11 C:\\Users\\tomeshi\\Documents\\Andrea\\PFS2\\ProjetoIntegrador\\Camila\\ProjIntegradorArq1\\ProjIntegradorArq1\\MeSustenta\\vendor\\laravel\\framework\\src\\Illuminate\\Container\\Container.php(576): Illuminate\\Container\\BoundMethod::call(Object(Illuminate\\Foundation\\Application), Array, Array, NULL)
#12 C:\\Users\\tomeshi\\Documents\\Andrea\\PFS2\\ProjetoIntegrador\\Camila\\ProjIntegradorArq1\\ProjIntegradorArq1\\MeSustenta\\vendor\\laravel\\framework\\src\\Illuminate\\Console\\Command.php(183): Illuminate\\Container\\Container->call(Array)
#13 C:\\Users\\tomeshi\\Documents\\Andrea\\PFS2\\ProjetoIntegrador\\Camila\\ProjIntegradorArq1\\ProjIntegradorArq1\\MeSustenta\\vendor\\symfony\\console\\Command\\Command.php(255): Illuminate\\Console\\Command->execute(Object(Symfony\\Component\\Console\\Input\\ArgvInput), Object(Illuminate\\Console\\OutputStyle))
#14 C:\\Users\\tomeshi\\Documents\\Andrea\\PFS2\\ProjetoIntegrador\\Camila\\ProjIntegradorArq1\\ProjIntegradorArq1\\MeSustenta\\vendor\\laravel\\framework\\src\\Illuminate\\Console\\Command.php(170): Symfony\\Component\\Console\\Command\\Command->run(Object(Symfony\\Component\\Console\\Input\\ArgvInput), Object(Illuminate\\Console\\OutputStyle))
#15 C:\\Users\\tomeshi\\Documents\\Andrea\\PFS2\\ProjetoIntegrador\\Camila\\ProjIntegradorArq1\\ProjIntegradorArq1\\MeSustenta\\vendor\\symfony\\console\\Application.php(921): Illuminate\\Console\\Command->run(Object(Symfony\\Component\\Console\\Input\\ArgvInput), Object(Symfony\\Component\\Console\\Output\\ConsoleOutput))
#16 C:\\Users\\tomeshi\\Documents\\Andrea\\PFS2\\ProjetoIntegrador\\Camila\\ProjIntegradorArq1\\ProjIntegradorArq1\\MeSustenta\\vendor\\symfony\\console\\Application.php(273): Symfony\\Component\\Console\\Application->doRunCommand(Object(Illuminate\\Database\\Console\\Migrations\\InstallCommand), Object(Symfony\\Component\\Console\\Input\\ArgvInput), Object(Symfony\\Component\\Console\\Output\\ConsoleOutput))
#17 C:\\Users\\tomeshi\\Documents\\Andrea\\PFS2\\ProjetoIntegrador\\Camila\\ProjIntegradorArq1\\ProjIntegradorArq1\\MeSustenta\\vendor\\symfony\\console\\Application.php(149): Symfony\\Component\\Console\\Application->doRun(Object(Symfony\\Component\\Console\\Input\\ArgvInput), Object(Symfony\\Component\\Console\\Output\\ConsoleOutput))
#18 C:\\Users\\tomeshi\\Documents\\Andrea\\PFS2\\ProjetoIntegrador\\Camila\\ProjIntegradorArq1\\ProjIntegradorArq1\\MeSustenta\\vendor\\laravel\\framework\\src\\Illuminate\\Console\\Application.php(90): Symfony\\Component\\Console\\Application->run(Object(Symfony\\Component\\Console\\Input\\ArgvInput), Object(Symfony\\Component\\Console\\Output\\ConsoleOutput))
#19 C:\\Users\\tomeshi\\Documents\\Andrea\\PFS2\\ProjetoIntegrador\\Camila\\ProjIntegradorArq1\\ProjIntegradorArq1\\MeSustenta\\vendor\\laravel\\framework\\src\\Illuminate\\Foundation\\Console\\Kernel.php(133): Illuminate\\Console\\Application->run(Object(Symfony\\Component\\Console\\Input\\ArgvInput), Object(Symfony\\Component\\Console\\Output\\ConsoleOutput))
#20 C:\\Users\\tomeshi\\Documents\\Andrea\\PFS2\\ProjetoIntegrador\\Camila\\ProjIntegradorArq1\\ProjIntegradorArq1\\MeSustenta\\artisan(37): Illuminate\\Foundation\\Console\\Kernel->handle(Object(Symfony\\Component\\Console\\Input\\ArgvInput), Object(Symfony\\Component\\Console\\Output\\ConsoleOutput))
#21 {main}
"} 
[2019-07-08 21:40:36] production.ERROR: Command "make:migrate" is not defined.

Did you mean one of these?
    make:auth
    make:channel
    make:command
    make:controller
    make:event
    make:exception
    make:factory
    make:job
    make:listener
    make:mail
    make:middleware
    make:migration
    make:model
    make:notification
    make:observer
    make:policy
    make:provider
    make:request
    make:resource
    make:rule
    make:seeder
    make:test {"exception":"[object] (Symfony\\Component\\Console\\Exception\\CommandNotFoundException(code: 0): Command \"make:migrate\" is not defined.

Did you mean one of these?
    make:auth
    make:channel
    make:command
    make:controller
    make:event
    make:exception
    make:factory
    make:job
    make:listener
    make:mail
    make:middleware
    make:migration
    make:model
    make:notification
    make:observer
    make:policy
    make:provider
    make:request
    make:resource
    make:rule
    make:seeder
    make:test at C:\\Users\\tomeshi\\Documents\\Andrea\\PFS2\\ProjetoIntegrador\\Camila\\ProjIntegradorArq1\\ProjIntegradorArq1\\MeSustenta\\vendor\\symfony\\console\\Application.php:652)
[stacktrace]
#0 C:\\Users\\tomeshi\\Documents\\Andrea\\PFS2\\ProjetoIntegrador\\Camila\\ProjIntegradorArq1\\ProjIntegradorArq1\\MeSustenta\\vendor\\symfony\\console\\Application.php(237): Symfony\\Component\\Console\\Application->find('make:migrate')
#1 C:\\Users\\tomeshi\\Documents\\Andrea\\PFS2\\ProjetoIntegrador\\Camila\\ProjIntegradorArq1\\ProjIntegradorArq1\\MeSustenta\\vendor\\symfony\\console\\Application.php(149): Symfony\\Component\\Console\\Application->doRun(Object(Symfony\\Component\\Console\\Input\\ArgvInput), Object(Symfony\\Component\\Console\\Output\\ConsoleOutput))
#2 C:\\Users\\tomeshi\\Documents\\Andrea\\PFS2\\ProjetoIntegrador\\Camila\\ProjIntegradorArq1\\ProjIntegradorArq1\\MeSustenta\\vendor\\laravel\\framework\\src\\Illuminate\\Console\\Application.php(90): Symfony\\Component\\Console\\Application->run(Object(Symfony\\Component\\Console\\Input\\ArgvInput), Object(Symfony\\Component\\Console\\Output\\ConsoleOutput))
#3 C:\\Users\\tomeshi\\Documents\\Andrea\\PFS2\\ProjetoIntegrador\\Camila\\ProjIntegradorArq1\\ProjIntegradorArq1\\MeSustenta\\vendor\\laravel\\framework\\src\\Illuminate\\Foundation\\Console\\Kernel.php(133): Illuminate\\Console\\Application->run(Object(Symfony\\Component\\Console\\Input\\ArgvInput), Object(Symfony\\Component\\Console\\Output\\ConsoleOutput))
#4 C:\\Users\\tomeshi\\Documents\\Andrea\\PFS2\\ProjetoIntegrador\\Camila\\ProjIntegradorArq1\\ProjIntegradorArq1\\MeSustenta\\artisan(37): Illuminate\\Foundation\\Console\\Kernel->handle(Object(Symfony\\Component\\Console\\Input\\ArgvInput), Object(Symfony\\Component\\Console\\Output\\ConsoleOutput))
#5 {main}
"} 
[2019-07-08 21:42:01] production.ERROR: SQLSTATE[HY000] [1044] Access denied for user ''@'localhost' to database 'forge' (SQL: select * from information_schema.tables where table_schema = forge and table_name = migrations and table_type = 'BASE TABLE') {"exception":"[object] (Illuminate\\Database\\QueryException(code: 1044): SQLSTATE[HY000] [1044] Access denied for user ''@'localhost' to database 'forge' (SQL: select * from information_schema.tables where table_schema = forge and table_name = migrations and table_type = 'BASE TABLE') at C:\\Users\\tomeshi\\Documents\\Andrea\\PFS2\\ProjetoIntegrador\\Camila\\ProjIntegradorArq1\\ProjIntegradorArq1\\MeSustenta\\vendor\\laravel\\framework\\src\\Illuminate\\Database\\Connection.php:664, PDOException(code: 1044): SQLSTATE[HY000] [1044] Access denied for user ''@'localhost' to database 'forge' at C:\\Users\\tomeshi\\Documents\\Andrea\\PFS2\\ProjetoIntegrador\\Camila\\ProjIntegradorArq1\\ProjIntegradorArq1\\MeSustenta\\vendor\\laravel\\framework\\src\\Illuminate\\Database\\Connectors\\Connector.php:70)
[stacktrace]
#0 C:\\Users\\tomeshi\\Documents\\Andrea\\PFS2\\ProjetoIntegrador\\Camila\\ProjIntegradorArq1\\ProjIntegradorArq1\\MeSustenta\\vendor\\laravel\\framework\\src\\Illuminate\\Database\\Connection.php(624): Illuminate\\Database\\Connection->runQueryCallback('select * from i...', Array, Object(Closure))
#1 C:\\Users\\tomeshi\\Documents\\Andrea\\PFS2\\ProjetoIntegrador\\Camila\\ProjIntegradorArq1\\ProjIntegradorArq1\\MeSustenta\\vendor\\laravel\\framework\\src\\Illuminate\\Database\\Connection.php(333): Illuminate\\Database\\Connection->run('select * from i...', Array, Object(Closure))
#2 C:\\Users\\tomeshi\\Documents\\Andrea\\PFS2\\ProjetoIntegrador\\Camila\\ProjIntegradorArq1\\ProjIntegradorArq1\\MeSustenta\\vendor\\laravel\\framework\\src\\Illuminate\\Database\\Schema\\MySqlBuilder.php(18): Illuminate\\Database\\Connection->select('select * from i...', Array)
#3 C:\\Users\\tomeshi\\Documents\\Andrea\\PFS2\\ProjetoIntegrador\\Camila\\ProjIntegradorArq1\\ProjIntegradorArq1\\MeSustenta\\vendor\\laravel\\framework\\src\\Illuminate\\Database\\Migrations\\DatabaseMigrationRepository.php(169): Illuminate\\Database\\Schema\\MySqlBuilder->hasTable('migrations')
#4 C:\\Users\\tomeshi\\Documents\\Andrea\\PFS2\\ProjetoIntegrador\\Camila\\ProjIntegradorArq1\\ProjIntegradorArq1\\MeSustenta\\vendor\\laravel\\framework\\src\\Illuminate\\Database\\Migrations\\Migrator.php(577): Illuminate\\Database\\Migrations\\DatabaseMigrationRepository->repositoryExists()
#5 C:\\Users\\tomeshi\\Documents\\Andrea\\PFS2\\ProjetoIntegrador\\Camila\\ProjIntegradorArq1\\ProjIntegradorArq1\\MeSustenta\\vendor\\laravel\\framework\\src\\Illuminate\\Database\\Console\\Migrations\\ResetCommand.php(63): Illuminate\\Database\\Migrations\\Migrator->repositoryExists()
#6 [internal function]: Illuminate\\Database\\Console\\Migrations\\ResetCommand->handle()
#7 C:\\Users\\tomeshi\\Documents\\Andrea\\PFS2\\ProjetoIntegrador\\Camila\\ProjIntegradorArq1\\ProjIntegradorArq1\\MeSustenta\\vendor\\laravel\\framework\\src\\Illuminate\\Container\\BoundMethod.php(32): call_user_func_array(Array, Array)
#8 C:\\Users\\tomeshi\\Documents\\Andrea\\PFS2\\ProjetoIntegrador\\Camila\\ProjIntegradorArq1\\ProjIntegradorArq1\\MeSustenta\\vendor\\laravel\\framework\\src\\Illuminate\\Container\\BoundMethod.php(90): Illuminate\\Container\\BoundMethod::Illuminate\\Container\\{closure}()
#9 C:\\Users\\tomeshi\\Documents\\Andrea\\PFS2\\ProjetoIntegrador\\Camila\\ProjIntegradorArq1\\ProjIntegradorArq1\\MeSustenta\\vendor\\laravel\\framework\\src\\Illuminate\\Container\\BoundMethod.php(34): Illuminate\\Container\\BoundMethod::callBoundMethod(Object(Illuminate\\Foundation\\Application), Array, Object(Closure))
#10 C:\\Users\\tomeshi\\Documents\\Andrea\\PFS2\\ProjetoIntegrador\\Camila\\ProjIntegradorArq1\\ProjIntegradorArq1\\MeSustenta\\vendor\\laravel\\framework\\src\\Illuminate\\Container\\Container.php(576): Illuminate\\Container\\BoundMethod::call(Object(Illuminate\\Foundation\\Application), Array, Array, NULL)
#11 C:\\Users\\tomeshi\\Documents\\Andrea\\PFS2\\ProjetoIntegrador\\Camila\\ProjIntegradorArq1\\ProjIntegradorArq1\\MeSustenta\\vendor\\laravel\\framework\\src\\Illuminate\\Console\\Command.php(183): Illuminate\\Container\\Container->call(Array)
#12 C:\\Users\\tomeshi\\Documents\\Andrea\\PFS2\\ProjetoIntegrador\\Camila\\ProjIntegradorArq1\\ProjIntegradorArq1\\MeSustenta\\vendor\\symfony\\console\\Command\\Command.php(255): Illuminate\\Console\\Command->execute(Object(Symfony\\Component\\Console\\Input\\ArrayInput), Object(Illuminate\\Console\\OutputStyle))
#13 C:\\Users\\tomeshi\\Documents\\Andrea\\PFS2\\ProjetoIntegrador\\Camila\\ProjIntegradorArq1\\ProjIntegradorArq1\\MeSustenta\\vendor\\laravel\\framework\\src\\Illuminate\\Console\\Command.php(170): Symfony\\Component\\Console\\Command\\Command->run(Object(Symfony\\Component\\Console\\Input\\ArrayInput), Object(Illuminate\\Console\\OutputStyle))
#14 C:\\Users\\tomeshi\\Documents\\Andrea\\PFS2\\ProjetoIntegrador\\Camila\\ProjIntegradorArq1\\ProjIntegradorArq1\\MeSustenta\\vendor\\laravel\\framework\\src\\Illuminate\\Console\\Command.php(198): Illuminate\\Console\\Command->run(Object(Symfony\\Component\\Console\\Input\\ArrayInput), Object(Illuminate\\Console\\OutputStyle))
#15 C:\\Users\\tomeshi\\Documents\\Andrea\\PFS2\\ProjetoIntegrador\\Camila\\ProjIntegradorArq1\\ProjIntegradorArq1\\MeSustenta\\vendor\\laravel\\framework\\src\\Illuminate\\Database\\Console\\Migrations\\RefreshCommand.php(100): Illuminate\\Console\\Command->call('migrate:reset', Array)
#16 C:\\Users\\tomeshi\\Documents\\Andrea\\PFS2\\ProjetoIntegrador\\Camila\\ProjIntegradorArq1\\ProjIntegradorArq1\\MeSustenta\\vendor\\laravel\\framework\\src\\Illuminate\\Database\\Console\\Migrations\\RefreshCommand.php(53): Illuminate\\Database\\Console\\Migrations\\RefreshCommand->runReset(NULL, NULL)
#17 [internal function]: Illuminate\\Database\\Console\\Migrations\\RefreshCommand->handle()
#18 C:\\Users\\tomeshi\\Documents\\Andrea\\PFS2\\ProjetoIntegrador\\Camila\\ProjIntegradorArq1\\ProjIntegradorArq1\\MeSustenta\\vendor\\laravel\\framework\\src\\Illuminate\\Container\\BoundMethod.php(32): call_user_func_array(Array, Array)
#19 C:\\Users\\tomeshi\\Documents\\Andrea\\PFS2\\ProjetoIntegrador\\Camila\\ProjIntegradorArq1\\ProjIntegradorArq1\\MeSustenta\\vendor\\laravel\\framework\\src\\Illuminate\\Container\\BoundMethod.php(90): Illuminate\\Container\\BoundMethod::Illuminate\\Container\\{closure}()
#20 C:\\Users\\tomeshi\\Documents\\Andrea\\PFS2\\ProjetoIntegrador\\Camila\\ProjIntegradorArq1\\ProjIntegradorArq1\\MeSustenta\\vendor\\laravel\\framework\\src\\Illuminate\\Container\\BoundMethod.php(34): Illuminate\\Container\\BoundMethod::callBoundMethod(Object(Illuminate\\Foundation\\Application), Array, Object(Closure))
#21 C:\\Users\\tomeshi\\Documents\\Andrea\\PFS2\\ProjetoIntegrador\\Camila\\ProjIntegradorArq1\\ProjIntegradorArq1\\MeSustenta\\vendor\\laravel\\framework\\src\\Illuminate\\Container\\Container.php(576): Illuminate\\Container\\BoundMethod::call(Object(Illuminate\\Foundation\\Application), Array, Array, NULL)
#22 C:\\Users\\tomeshi\\Documents\\Andrea\\PFS2\\ProjetoIntegrador\\Camila\\ProjIntegradorArq1\\ProjIntegradorArq1\\MeSustenta\\vendor\\laravel\\framework\\src\\Illuminate\\Console\\Command.php(183): Illuminate\\Container\\Container->call(Array)
#23 C:\\Users\\tomeshi\\Documents\\Andrea\\PFS2\\ProjetoIntegrador\\Camila\\ProjIntegradorArq1\\ProjIntegradorArq1\\MeSustenta\\vendor\\symfony\\console\\Command\\Command.php(255): Illuminate\\Console\\Command->execute(Object(Symfony\\Component\\Console\\Input\\ArgvInput), Object(Illuminate\\Console\\OutputStyle))
#24 C:\\Users\\tomeshi\\Documents\\Andrea\\PFS2\\ProjetoIntegrador\\Camila\\ProjIntegradorArq1\\ProjIntegradorArq1\\MeSustenta\\vendor\\laravel\\framework\\src\\Illuminate\\Console\\Command.php(170): Symfony\\Component\\Console\\Command\\Command->run(Object(Symfony\\Component\\Console\\Input\\ArgvInput), Object(Illuminate\\Console\\OutputStyle))
#25 C:\\Users\\tomeshi\\Documents\\Andrea\\PFS2\\ProjetoIntegrador\\Camila\\ProjIntegradorArq1\\ProjIntegradorArq1\\MeSustenta\\vendor\\symfony\\console\\Application.php(921): Illuminate\\Console\\Command->run(Object(Symfony\\Component\\Console\\Input\\ArgvInput), Object(Symfony\\Component\\Console\\Output\\ConsoleOutput))
#26 C:\\Users\\tomeshi\\Documents\\Andrea\\PFS2\\ProjetoIntegrador\\Camila\\ProjIntegradorArq1\\ProjIntegradorArq1\\MeSustenta\\vendor\\symfony\\console\\Application.php(273): Symfony\\Component\\Console\\Application->doRunCommand(Object(Illuminate\\Database\\Console\\Migrations\\RefreshCommand), Object(Symfony\\Component\\Console\\Input\\ArgvInput), Object(Symfony\\Component\\Console\\Output\\ConsoleOutput))
#27 C:\\Users\\tomeshi\\Documents\\Andrea\\PFS2\\ProjetoIntegrador\\Camila\\ProjIntegradorArq1\\ProjIntegradorArq1\\MeSustenta\\vendor\\symfony\\console\\Application.php(149): Symfony\\Component\\Console\\Application->doRun(Object(Symfony\\Component\\Console\\Input\\ArgvInput), Object(Symfony\\Component\\Console\\Output\\ConsoleOutput))
#28 C:\\Users\\tomeshi\\Documents\\Andrea\\PFS2\\ProjetoIntegrador\\Camila\\ProjIntegradorArq1\\ProjIntegradorArq1\\MeSustenta\\vendor\\laravel\\framework\\src\\Illuminate\\Console\\Application.php(90): Symfony\\Component\\Console\\Application->run(Object(Symfony\\Component\\Console\\Input\\ArgvInput), Object(Symfony\\Component\\Console\\Output\\ConsoleOutput))
#29 C:\\Users\\tomeshi\\Documents\\Andrea\\PFS2\\ProjetoIntegrador\\Camila\\ProjIntegradorArq1\\ProjIntegradorArq1\\MeSustenta\\vendor\\laravel\\framework\\src\\Illuminate\\Foundation\\Console\\Kernel.php(133): Illuminate\\Console\\Application->run(Object(Symfony\\Component\\Console\\Input\\ArgvInput), Object(Symfony\\Component\\Console\\Output\\ConsoleOutput))
#30 C:\\Users\\tomeshi\\Documents\\Andrea\\PFS2\\ProjetoIntegrador\\Camila\\ProjIntegradorArq1\\ProjIntegradorArq1\\MeSustenta\\artisan(37): Illuminate\\Foundation\\Console\\Kernel->handle(Object(Symfony\\Component\\Console\\Input\\ArgvInput), Object(Symfony\\Component\\Console\\Output\\ConsoleOutput))
#31 {main}
"} 
[2019-07-08 21:43:56] production.ERROR: SQLSTATE[HY000] [1044] Access denied for user ''@'localhost' to database 'forge' (SQL: select * from information_schema.tables where table_schema = forge and table_name = migrations and table_type = 'BASE TABLE') {"exception":"[object] (Illuminate\\Database\\QueryException(code: 1044): SQLSTATE[HY000] [1044] Access denied for user ''@'localhost' to database 'forge' (SQL: select * from information_schema.tables where table_schema = forge and table_name = migrations and table_type = 'BASE TABLE') at C:\\Users\\tomeshi\\Documents\\Andrea\\PFS2\\ProjetoIntegrador\\Camila\\ProjIntegradorArq1\\ProjIntegradorArq1\\MeSustenta\\vendor\\laravel\\framework\\src\\Illuminate\\Database\\Connection.php:664, PDOException(code: 1044): SQLSTATE[HY000] [1044] Access denied for user ''@'localhost' to database 'forge' at C:\\Users\\tomeshi\\Documents\\Andrea\\PFS2\\ProjetoIntegrador\\Camila\\ProjIntegradorArq1\\ProjIntegradorArq1\\MeSustenta\\vendor\\laravel\\framework\\src\\Illuminate\\Database\\Connectors\\Connector.php:70)
[stacktrace]
#0 C:\\Users\\tomeshi\\Documents\\Andrea\\PFS2\\ProjetoIntegrador\\Camila\\ProjIntegradorArq1\\ProjIntegradorArq1\\MeSustenta\\vendor\\laravel\\framework\\src\\Illuminate\\Database\\Connection.php(624): Illuminate\\Database\\Connection->runQueryCallback('select * from i...', Array, Object(Closure))
#1 C:\\Users\\tomeshi\\Documents\\Andrea\\PFS2\\ProjetoIntegrador\\Camila\\ProjIntegradorArq1\\ProjIntegradorArq1\\MeSustenta\\vendor\\laravel\\framework\\src\\Illuminate\\Database\\Connection.php(333): Illuminate\\Database\\Connection->run('select * from i...', Array, Object(Closure))
#2 C:\\Users\\tomeshi\\Documents\\Andrea\\PFS2\\ProjetoIntegrador\\Camila\\ProjIntegradorArq1\\ProjIntegradorArq1\\MeSustenta\\vendor\\laravel\\framework\\src\\Illuminate\\Database\\Schema\\MySqlBuilder.php(18): Illuminate\\Database\\Connection->select('select * from i...', Array)
#3 C:\\Users\\tomeshi\\Documents\\Andrea\\PFS2\\ProjetoIntegrador\\Camila\\ProjIntegradorArq1\\ProjIntegradorArq1\\MeSustenta\\vendor\\laravel\\framework\\src\\Illuminate\\Database\\Migrations\\DatabaseMigrationRepository.php(169): Illuminate\\Database\\Schema\\MySqlBuilder->hasTable('migrations')
#4 C:\\Users\\tomeshi\\Documents\\Andrea\\PFS2\\ProjetoIntegrador\\Camila\\ProjIntegradorArq1\\ProjIntegradorArq1\\MeSustenta\\vendor\\laravel\\framework\\src\\Illuminate\\Database\\Migrations\\Migrator.php(577): Illuminate\\Database\\Migrations\\DatabaseMigrationRepository->repositoryExists()
#5 C:\\Users\\tomeshi\\Documents\\Andrea\\PFS2\\ProjetoIntegrador\\Camila\\ProjIntegradorArq1\\ProjIntegradorArq1\\MeSustenta\\vendor\\laravel\\framework\\src\\Illuminate\\Database\\Console\\Migrations\\MigrateCommand.php(91): Illuminate\\Database\\Migrations\\Migrator->repositoryExists()
#6 C:\\Users\\tomeshi\\Documents\\Andrea\\PFS2\\ProjetoIntegrador\\Camila\\ProjIntegradorArq1\\ProjIntegradorArq1\\MeSustenta\\vendor\\laravel\\framework\\src\\Illuminate\\Database\\Console\\Migrations\\MigrateCommand.php(63): Illuminate\\Database\\Console\\Migrations\\MigrateCommand->prepareDatabase()
#7 [internal function]: Illuminate\\Database\\Console\\Migrations\\MigrateCommand->handle()
#8 C:\\Users\\tomeshi\\Documents\\Andrea\\PFS2\\ProjetoIntegrador\\Camila\\ProjIntegradorArq1\\ProjIntegradorArq1\\MeSustenta\\vendor\\laravel\\framework\\src\\Illuminate\\Container\\BoundMethod.php(32): call_user_func_array(Array, Array)
#9 C:\\Users\\tomeshi\\Documents\\Andrea\\PFS2\\ProjetoIntegrador\\Camila\\ProjIntegradorArq1\\ProjIntegradorArq1\\MeSustenta\\vendor\\laravel\\framework\\src\\Illuminate\\Container\\BoundMethod.php(90): Illuminate\\Container\\BoundMethod::Illuminate\\Container\\{closure}()
#10 C:\\Users\\tomeshi\\Documents\\Andrea\\PFS2\\ProjetoIntegrador\\Camila\\ProjIntegradorArq1\\ProjIntegradorArq1\\MeSustenta\\vendor\\laravel\\framework\\src\\Illuminate\\Container\\BoundMethod.php(34): Illuminate\\Container\\BoundMethod::callBoundMethod(Object(Illuminate\\Foundation\\Application), Array, Object(Closure))
#11 C:\\Users\\tomeshi\\Documents\\Andrea\\PFS2\\ProjetoIntegrador\\Camila\\ProjIntegradorArq1\\ProjIntegradorArq1\\MeSustenta\\vendor\\laravel\\framework\\src\\Illuminate\\Container\\Container.php(576): Illuminate\\Container\\BoundMethod::call(Object(Illuminate\\Foundation\\Application), Array, Array, NULL)
#12 C:\\Users\\tomeshi\\Documents\\Andrea\\PFS2\\ProjetoIntegrador\\Camila\\ProjIntegradorArq1\\ProjIntegradorArq1\\MeSustenta\\vendor\\laravel\\framework\\src\\Illuminate\\Console\\Command.php(183): Illuminate\\Container\\Container->call(Array)
#13 C:\\Users\\tomeshi\\Documents\\Andrea\\PFS2\\ProjetoIntegrador\\Camila\\ProjIntegradorArq1\\ProjIntegradorArq1\\MeSustenta\\vendor\\symfony\\console\\Command\\Command.php(255): Illuminate\\Console\\Command->execute(Object(Symfony\\Component\\Console\\Input\\ArgvInput), Object(Illuminate\\Console\\OutputStyle))
#14 C:\\Users\\tomeshi\\Documents\\Andrea\\PFS2\\ProjetoIntegrador\\Camila\\ProjIntegradorArq1\\ProjIntegradorArq1\\MeSustenta\\vendor\\laravel\\framework\\src\\Illuminate\\Console\\Command.php(170): Symfony\\Component\\Console\\Command\\Command->run(Object(Symfony\\Component\\Console\\Input\\ArgvInput), Object(Illuminate\\Console\\OutputStyle))
#15 C:\\Users\\tomeshi\\Documents\\Andrea\\PFS2\\ProjetoIntegrador\\Camila\\ProjIntegradorArq1\\ProjIntegradorArq1\\MeSustenta\\vendor\\symfony\\console\\Application.php(921): Illuminate\\Console\\Command->run(Object(Symfony\\Component\\Console\\Input\\ArgvInput), Object(Symfony\\Component\\Console\\Output\\ConsoleOutput))
#16 C:\\Users\\tomeshi\\Documents\\Andrea\\PFS2\\ProjetoIntegrador\\Camila\\ProjIntegradorArq1\\ProjIntegradorArq1\\MeSustenta\\vendor\\symfony\\console\\Application.php(273): Symfony\\Component\\Console\\Application->doRunCommand(Object(Illuminate\\Database\\Console\\Migrations\\MigrateCommand), Object(Symfony\\Component\\Console\\Input\\ArgvInput), Object(Symfony\\Component\\Console\\Output\\ConsoleOutput))
#17 C:\\Users\\tomeshi\\Documents\\Andrea\\PFS2\\ProjetoIntegrador\\Camila\\ProjIntegradorArq1\\ProjIntegradorArq1\\MeSustenta\\vendor\\symfony\\console\\Application.php(149): Symfony\\Component\\Console\\Application->doRun(Object(Symfony\\Component\\Console\\Input\\ArgvInput), Object(Symfony\\Component\\Console\\Output\\ConsoleOutput))
#18 C:\\Users\\tomeshi\\Documents\\Andrea\\PFS2\\ProjetoIntegrador\\Camila\\ProjIntegradorArq1\\ProjIntegradorArq1\\MeSustenta\\vendor\\laravel\\framework\\src\\Illuminate\\Console\\Application.php(90): Symfony\\Component\\Console\\Application->run(Object(Symfony\\Component\\Console\\Input\\ArgvInput), Object(Symfony\\Component\\Console\\Output\\ConsoleOutput))
#19 C:\\Users\\tomeshi\\Documents\\Andrea\\PFS2\\ProjetoIntegrador\\Camila\\ProjIntegradorArq1\\ProjIntegradorArq1\\MeSustenta\\vendor\\laravel\\framework\\src\\Illuminate\\Foundation\\Console\\Kernel.php(133): Illuminate\\Console\\Application->run(Object(Symfony\\Component\\Console\\Input\\ArgvInput), Object(Symfony\\Component\\Console\\Output\\ConsoleOutput))
#20 C:\\Users\\tomeshi\\Documents\\Andrea\\PFS2\\ProjetoIntegrador\\Camila\\ProjIntegradorArq1\\ProjIntegradorArq1\\MeSustenta\\artisan(37): Illuminate\\Foundation\\Console\\Kernel->handle(Object(Symfony\\Component\\Console\\Input\\ArgvInput), Object(Symfony\\Component\\Console\\Output\\ConsoleOutput))
#21 {main}
"} 
[2019-07-08 21:44:06] production.ERROR: SQLSTATE[HY000] [1044] Access denied for user ''@'localhost' to database 'forge' (SQL: select * from information_schema.tables where table_schema = forge and table_name = migrations and table_type = 'BASE TABLE') {"exception":"[object] (Illuminate\\Database\\QueryException(code: 1044): SQLSTATE[HY000] [1044] Access denied for user ''@'localhost' to database 'forge' (SQL: select * from information_schema.tables where table_schema = forge and table_name = migrations and table_type = 'BASE TABLE') at C:\\Users\\tomeshi\\Documents\\Andrea\\PFS2\\ProjetoIntegrador\\Camila\\ProjIntegradorArq1\\ProjIntegradorArq1\\MeSustenta\\vendor\\laravel\\framework\\src\\Illuminate\\Database\\Connection.php:664, PDOException(code: 1044): SQLSTATE[HY000] [1044] Access denied for user ''@'localhost' to database 'forge' at C:\\Users\\tomeshi\\Documents\\Andrea\\PFS2\\ProjetoIntegrador\\Camila\\ProjIntegradorArq1\\ProjIntegradorArq1\\MeSustenta\\vendor\\laravel\\framework\\src\\Illuminate\\Database\\Connectors\\Connector.php:70)
[stacktrace]
#0 C:\\Users\\tomeshi\\Documents\\Andrea\\PFS2\\ProjetoIntegrador\\Camila\\ProjIntegradorArq1\\ProjIntegradorArq1\\MeSustenta\\vendor\\laravel\\framework\\src\\Illuminate\\Database\\Connection.php(624): Illuminate\\Database\\Connection->runQueryCallback('select * from i...', Array, Object(Closure))
#1 C:\\Users\\tomeshi\\Documents\\Andrea\\PFS2\\ProjetoIntegrador\\Camila\\ProjIntegradorArq1\\ProjIntegradorArq1\\MeSustenta\\vendor\\laravel\\framework\\src\\Illuminate\\Database\\Connection.php(333): Illuminate\\Database\\Connection->run('select * from i...', Array, Object(Closure))
#2 C:\\Users\\tomeshi\\Documents\\Andrea\\PFS2\\ProjetoIntegrador\\Camila\\ProjIntegradorArq1\\ProjIntegradorArq1\\MeSustenta\\vendor\\laravel\\framework\\src\\Illuminate\\Database\\Schema\\MySqlBuilder.php(18): Illuminate\\Database\\Connection->select('select * from i...', Array)
#3 C:\\Users\\tomeshi\\Documents\\Andrea\\PFS2\\ProjetoIntegrador\\Camila\\ProjIntegradorArq1\\ProjIntegradorArq1\\MeSustenta\\vendor\\laravel\\framework\\src\\Illuminate\\Database\\Migrations\\DatabaseMigrationRepository.php(169): Illuminate\\Database\\Schema\\MySqlBuilder->hasTable('migrations')
#4 C:\\Users\\tomeshi\\Documents\\Andrea\\PFS2\\ProjetoIntegrador\\Camila\\ProjIntegradorArq1\\ProjIntegradorArq1\\MeSustenta\\vendor\\laravel\\framework\\src\\Illuminate\\Database\\Migrations\\Migrator.php(577): Illuminate\\Database\\Migrations\\DatabaseMigrationRepository->repositoryExists()
#5 C:\\Users\\tomeshi\\Documents\\Andrea\\PFS2\\ProjetoIntegrador\\Camila\\ProjIntegradorArq1\\ProjIntegradorArq1\\MeSustenta\\vendor\\laravel\\framework\\src\\Illuminate\\Database\\Console\\Migrations\\MigrateCommand.php(91): Illuminate\\Database\\Migrations\\Migrator->repositoryExists()
#6 C:\\Users\\tomeshi\\Documents\\Andrea\\PFS2\\ProjetoIntegrador\\Camila\\ProjIntegradorArq1\\ProjIntegradorArq1\\MeSustenta\\vendor\\laravel\\framework\\src\\Illuminate\\Database\\Console\\Migrations\\MigrateCommand.php(63): Illuminate\\Database\\Console\\Migrations\\MigrateCommand->prepareDatabase()
#7 [internal function]: Illuminate\\Database\\Console\\Migrations\\MigrateCommand->handle()
#8 C:\\Users\\tomeshi\\Documents\\Andrea\\PFS2\\ProjetoIntegrador\\Camila\\ProjIntegradorArq1\\ProjIntegradorArq1\\MeSustenta\\vendor\\laravel\\framework\\src\\Illuminate\\Container\\BoundMethod.php(32): call_user_func_array(Array, Array)
#9 C:\\Users\\tomeshi\\Documents\\Andrea\\PFS2\\ProjetoIntegrador\\Camila\\ProjIntegradorArq1\\ProjIntegradorArq1\\MeSustenta\\vendor\\laravel\\framework\\src\\Illuminate\\Container\\BoundMethod.php(90): Illuminate\\Container\\BoundMethod::Illuminate\\Container\\{closure}()
#10 C:\\Users\\tomeshi\\Documents\\Andrea\\PFS2\\ProjetoIntegrador\\Camila\\ProjIntegradorArq1\\ProjIntegradorArq1\\MeSustenta\\vendor\\laravel\\framework\\src\\Illuminate\\Container\\BoundMethod.php(34): Illuminate\\Container\\BoundMethod::callBoundMethod(Object(Illuminate\\Foundation\\Application), Array, Object(Closure))
#11 C:\\Users\\tomeshi\\Documents\\Andrea\\PFS2\\ProjetoIntegrador\\Camila\\ProjIntegradorArq1\\ProjIntegradorArq1\\MeSustenta\\vendor\\laravel\\framework\\src\\Illuminate\\Container\\Container.php(576): Illuminate\\Container\\BoundMethod::call(Object(Illuminate\\Foundation\\Application), Array, Array, NULL)
#12 C:\\Users\\tomeshi\\Documents\\Andrea\\PFS2\\ProjetoIntegrador\\Camila\\ProjIntegradorArq1\\ProjIntegradorArq1\\MeSustenta\\vendor\\laravel\\framework\\src\\Illuminate\\Console\\Command.php(183): Illuminate\\Container\\Container->call(Array)
#13 C:\\Users\\tomeshi\\Documents\\Andrea\\PFS2\\ProjetoIntegrador\\Camila\\ProjIntegradorArq1\\ProjIntegradorArq1\\MeSustenta\\vendor\\symfony\\console\\Command\\Command.php(255): Illuminate\\Console\\Command->execute(Object(Symfony\\Component\\Console\\Input\\ArgvInput), Object(Illuminate\\Console\\OutputStyle))
#14 C:\\Users\\tomeshi\\Documents\\Andrea\\PFS2\\ProjetoIntegrador\\Camila\\ProjIntegradorArq1\\ProjIntegradorArq1\\MeSustenta\\vendor\\laravel\\framework\\src\\Illuminate\\Console\\Command.php(170): Symfony\\Component\\Console\\Command\\Command->run(Object(Symfony\\Component\\Console\\Input\\ArgvInput), Object(Illuminate\\Console\\OutputStyle))
#15 C:\\Users\\tomeshi\\Documents\\Andrea\\PFS2\\ProjetoIntegrador\\Camila\\ProjIntegradorArq1\\ProjIntegradorArq1\\MeSustenta\\vendor\\symfony\\console\\Application.php(921): Illuminate\\Console\\Command->run(Object(Symfony\\Component\\Console\\Input\\ArgvInput), Object(Symfony\\Component\\Console\\Output\\ConsoleOutput))
#16 C:\\Users\\tomeshi\\Documents\\Andrea\\PFS2\\ProjetoIntegrador\\Camila\\ProjIntegradorArq1\\ProjIntegradorArq1\\MeSustenta\\vendor\\symfony\\console\\Application.php(273): Symfony\\Component\\Console\\Application->doRunCommand(Object(Illuminate\\Database\\Console\\Migrations\\MigrateCommand), Object(Symfony\\Component\\Console\\Input\\ArgvInput), Object(Symfony\\Component\\Console\\Output\\ConsoleOutput))
#17 C:\\Users\\tomeshi\\Documents\\Andrea\\PFS2\\ProjetoIntegrador\\Camila\\ProjIntegradorArq1\\ProjIntegradorArq1\\MeSustenta\\vendor\\symfony\\console\\Application.php(149): Symfony\\Component\\Console\\Application->doRun(Object(Symfony\\Component\\Console\\Input\\ArgvInput), Object(Symfony\\Component\\Console\\Output\\ConsoleOutput))
#18 C:\\Users\\tomeshi\\Documents\\Andrea\\PFS2\\ProjetoIntegrador\\Camila\\ProjIntegradorArq1\\ProjIntegradorArq1\\MeSustenta\\vendor\\laravel\\framework\\src\\Illuminate\\Console\\Application.php(90): Symfony\\Component\\Console\\Application->run(Object(Symfony\\Component\\Console\\Input\\ArgvInput), Object(Symfony\\Component\\Console\\Output\\ConsoleOutput))
#19 C:\\Users\\tomeshi\\Documents\\Andrea\\PFS2\\ProjetoIntegrador\\Camila\\ProjIntegradorArq1\\ProjIntegradorArq1\\MeSustenta\\vendor\\laravel\\framework\\src\\Illuminate\\Foundation\\Console\\Kernel.php(133): Illuminate\\Console\\Application->run(Object(Symfony\\Component\\Console\\Input\\ArgvInput), Object(Symfony\\Component\\Console\\Output\\ConsoleOutput))
#20 C:\\Users\\tomeshi\\Documents\\Andrea\\PFS2\\ProjetoIntegrador\\Camila\\ProjIntegradorArq1\\ProjIntegradorArq1\\MeSustenta\\artisan(37): Illuminate\\Foundation\\Console\\Kernel->handle(Object(Symfony\\Component\\Console\\Input\\ArgvInput), Object(Symfony\\Component\\Console\\Output\\ConsoleOutput))
#21 {main}
"} 
[2019-07-08 21:46:49] local.ERROR: SQLSTATE[HY000] [1044] Access denied for user ''@'localhost' to database 'mesustenta' (SQL: select * from information_schema.tables where table_schema = MeSustenta and table_name = migrations and table_type = 'BASE TABLE') {"exception":"[object] (Illuminate\\Database\\QueryException(code: 1044): SQLSTATE[HY000] [1044] Access denied for user ''@'localhost' to database 'mesustenta' (SQL: select * from information_schema.tables where table_schema = MeSustenta and table_name = migrations and table_type = 'BASE TABLE') at C:\\Users\\tomeshi\\Documents\\Andrea\\PFS2\\ProjetoIntegrador\\Camila\\ProjIntegradorArq1\\ProjIntegradorArq1\\MeSustenta\\vendor\\laravel\\framework\\src\\Illuminate\\Database\\Connection.php:664, PDOException(code: 1044): SQLSTATE[HY000] [1044] Access denied for user ''@'localhost' to database 'mesustenta' at C:\\Users\\tomeshi\\Documents\\Andrea\\PFS2\\ProjetoIntegrador\\Camila\\ProjIntegradorArq1\\ProjIntegradorArq1\\MeSustenta\\vendor\\laravel\\framework\\src\\Illuminate\\Database\\Connectors\\Connector.php:70)
[stacktrace]
#0 C:\\Users\\tomeshi\\Documents\\Andrea\\PFS2\\ProjetoIntegrador\\Camila\\ProjIntegradorArq1\\ProjIntegradorArq1\\MeSustenta\\vendor\\laravel\\framework\\src\\Illuminate\\Database\\Connection.php(624): Illuminate\\Database\\Connection->runQueryCallback('select * from i...', Array, Object(Closure))
#1 C:\\Users\\tomeshi\\Documents\\Andrea\\PFS2\\ProjetoIntegrador\\Camila\\ProjIntegradorArq1\\ProjIntegradorArq1\\MeSustenta\\vendor\\laravel\\framework\\src\\Illuminate\\Database\\Connection.php(333): Illuminate\\Database\\Connection->run('select * from i...', Array, Object(Closure))
#2 C:\\Users\\tomeshi\\Documents\\Andrea\\PFS2\\ProjetoIntegrador\\Camila\\ProjIntegradorArq1\\ProjIntegradorArq1\\MeSustenta\\vendor\\laravel\\framework\\src\\Illuminate\\Database\\Schema\\MySqlBuilder.php(18): Illuminate\\Database\\Connection->select('select * from i...', Array)
#3 C:\\Users\\tomeshi\\Documents\\Andrea\\PFS2\\ProjetoIntegrador\\Camila\\ProjIntegradorArq1\\ProjIntegradorArq1\\MeSustenta\\vendor\\laravel\\framework\\src\\Illuminate\\Database\\Migrations\\DatabaseMigrationRepository.php(169): Illuminate\\Database\\Schema\\MySqlBuilder->hasTable('migrations')
#4 C:\\Users\\tomeshi\\Documents\\Andrea\\PFS2\\ProjetoIntegrador\\Camila\\ProjIntegradorArq1\\ProjIntegradorArq1\\MeSustenta\\vendor\\laravel\\framework\\src\\Illuminate\\Database\\Migrations\\Migrator.php(577): Illuminate\\Database\\Migrations\\DatabaseMigrationRepository->repositoryExists()
#5 C:\\Users\\tomeshi\\Documents\\Andrea\\PFS2\\ProjetoIntegrador\\Camila\\ProjIntegradorArq1\\ProjIntegradorArq1\\MeSustenta\\vendor\\laravel\\framework\\src\\Illuminate\\Database\\Console\\Migrations\\MigrateCommand.php(91): Illuminate\\Database\\Migrations\\Migrator->repositoryExists()
#6 C:\\Users\\tomeshi\\Documents\\Andrea\\PFS2\\ProjetoIntegrador\\Camila\\ProjIntegradorArq1\\ProjIntegradorArq1\\MeSustenta\\vendor\\laravel\\framework\\src\\Illuminate\\Database\\Console\\Migrations\\MigrateCommand.php(63): Illuminate\\Database\\Console\\Migrations\\MigrateCommand->prepareDatabase()
#7 [internal function]: Illuminate\\Database\\Console\\Migrations\\MigrateCommand->handle()
#8 C:\\Users\\tomeshi\\Documents\\Andrea\\PFS2\\ProjetoIntegrador\\Camila\\ProjIntegradorArq1\\ProjIntegradorArq1\\MeSustenta\\vendor\\laravel\\framework\\src\\Illuminate\\Container\\BoundMethod.php(32): call_user_func_array(Array, Array)
#9 C:\\Users\\tomeshi\\Documents\\Andrea\\PFS2\\ProjetoIntegrador\\Camila\\ProjIntegradorArq1\\ProjIntegradorArq1\\MeSustenta\\vendor\\laravel\\framework\\src\\Illuminate\\Container\\BoundMethod.php(90): Illuminate\\Container\\BoundMethod::Illuminate\\Container\\{closure}()
#10 C:\\Users\\tomeshi\\Documents\\Andrea\\PFS2\\ProjetoIntegrador\\Camila\\ProjIntegradorArq1\\ProjIntegradorArq1\\MeSustenta\\vendor\\laravel\\framework\\src\\Illuminate\\Container\\BoundMethod.php(34): Illuminate\\Container\\BoundMethod::callBoundMethod(Object(Illuminate\\Foundation\\Application), Array, Object(Closure))
#11 C:\\Users\\tomeshi\\Documents\\Andrea\\PFS2\\ProjetoIntegrador\\Camila\\ProjIntegradorArq1\\ProjIntegradorArq1\\MeSustenta\\vendor\\laravel\\framework\\src\\Illuminate\\Container\\Container.php(576): Illuminate\\Container\\BoundMethod::call(Object(Illuminate\\Foundation\\Application), Array, Array, NULL)
#12 C:\\Users\\tomeshi\\Documents\\Andrea\\PFS2\\ProjetoIntegrador\\Camila\\ProjIntegradorArq1\\ProjIntegradorArq1\\MeSustenta\\vendor\\laravel\\framework\\src\\Illuminate\\Console\\Command.php(183): Illuminate\\Container\\Container->call(Array)
#13 C:\\Users\\tomeshi\\Documents\\Andrea\\PFS2\\ProjetoIntegrador\\Camila\\ProjIntegradorArq1\\ProjIntegradorArq1\\MeSustenta\\vendor\\symfony\\console\\Command\\Command.php(255): Illuminate\\Console\\Command->execute(Object(Symfony\\Component\\Console\\Input\\ArgvInput), Object(Illuminate\\Console\\OutputStyle))
#14 C:\\Users\\tomeshi\\Documents\\Andrea\\PFS2\\ProjetoIntegrador\\Camila\\ProjIntegradorArq1\\ProjIntegradorArq1\\MeSustenta\\vendor\\laravel\\framework\\src\\Illuminate\\Console\\Command.php(170): Symfony\\Component\\Console\\Command\\Command->run(Object(Symfony\\Component\\Console\\Input\\ArgvInput), Object(Illuminate\\Console\\OutputStyle))
#15 C:\\Users\\tomeshi\\Documents\\Andrea\\PFS2\\ProjetoIntegrador\\Camila\\ProjIntegradorArq1\\ProjIntegradorArq1\\MeSustenta\\vendor\\symfony\\console\\Application.php(921): Illuminate\\Console\\Command->run(Object(Symfony\\Component\\Console\\Input\\ArgvInput), Object(Symfony\\Component\\Console\\Output\\ConsoleOutput))
#16 C:\\Users\\tomeshi\\Documents\\Andrea\\PFS2\\ProjetoIntegrador\\Camila\\ProjIntegradorArq1\\ProjIntegradorArq1\\MeSustenta\\vendor\\symfony\\console\\Application.php(273): Symfony\\Component\\Console\\Application->doRunCommand(Object(Illuminate\\Database\\Console\\Migrations\\MigrateCommand), Object(Symfony\\Component\\Console\\Input\\ArgvInput), Object(Symfony\\Component\\Console\\Output\\ConsoleOutput))
#17 C:\\Users\\tomeshi\\Documents\\Andrea\\PFS2\\ProjetoIntegrador\\Camila\\ProjIntegradorArq1\\ProjIntegradorArq1\\MeSustenta\\vendor\\symfony\\console\\Application.php(149): Symfony\\Component\\Console\\Application->doRun(Object(Symfony\\Component\\Console\\Input\\ArgvInput), Object(Symfony\\Component\\Console\\Output\\ConsoleOutput))
#18 C:\\Users\\tomeshi\\Documents\\Andrea\\PFS2\\ProjetoIntegrador\\Camila\\ProjIntegradorArq1\\ProjIntegradorArq1\\MeSustenta\\vendor\\laravel\\framework\\src\\Illuminate\\Console\\Application.php(90): Symfony\\Component\\Console\\Application->run(Object(Symfony\\Component\\Console\\Input\\ArgvInput), Object(Symfony\\Component\\Console\\Output\\ConsoleOutput))
#19 C:\\Users\\tomeshi\\Documents\\Andrea\\PFS2\\ProjetoIntegrador\\Camila\\ProjIntegradorArq1\\ProjIntegradorArq1\\MeSustenta\\vendor\\laravel\\framework\\src\\Illuminate\\Foundation\\Console\\Kernel.php(133): Illuminate\\Console\\Application->run(Object(Symfony\\Component\\Console\\Input\\ArgvInput), Object(Symfony\\Component\\Console\\Output\\ConsoleOutput))
#20 C:\\Users\\tomeshi\\Documents\\Andrea\\PFS2\\ProjetoIntegrador\\Camila\\ProjIntegradorArq1\\ProjIntegradorArq1\\MeSustenta\\artisan(37): Illuminate\\Foundation\\Console\\Kernel->handle(Object(Symfony\\Component\\Console\\Input\\ArgvInput), Object(Symfony\\Component\\Console\\Output\\ConsoleOutput))
#21 {main}
"} 
