[2019-07-20 00:08:41] local.ERROR: Too many arguments, expected arguments "command". {"exception":"[object] (Symfony\\Component\\Console\\Exception\\RuntimeException(code: 0): Too many arguments, expected arguments \"command\". at C:\\Users\\tomeshi\\Documents\\Andrea\\PFS2\\ProjetoIntegrador\\Camila\\ProjIntegradorArq1\\ProjIntegradorArq1\\MeSustenta\\vendor\\symfony\\console\\Input\\ArgvInput.php:183)
[stacktrace]
#0 C:\\Users\\tomeshi\\Documents\\Andrea\\PFS2\\ProjetoIntegrador\\Camila\\ProjIntegradorArq1\\ProjIntegradorArq1\\MeSustenta\\vendor\\symfony\\console\\Input\\ArgvInput.php(86): Symfony\\Component\\Console\\Input\\ArgvInput->parseArgument('make:auth')
#1 C:\\Users\\tomeshi\\Documents\\Andrea\\PFS2\\ProjetoIntegrador\\Camila\\ProjIntegradorArq1\\ProjIntegradorArq1\\MeSustenta\\vendor\\symfony\\console\\Input\\Input.php(55): Symfony\\Component\\Console\\Input\\ArgvInput->parse()
#2 C:\\Users\\tomeshi\\Documents\\Andrea\\PFS2\\ProjetoIntegrador\\Camila\\ProjIntegradorArq1\\ProjIntegradorArq1\\MeSustenta\\vendor\\symfony\\console\\Command\\Command.php(214): Symfony\\Component\\Console\\Input\\Input->bind(Object(Symfony\\Component\\Console\\Input\\InputDefinition))
#3 C:\\Users\\tomeshi\\Documents\\Andrea\\PFS2\\ProjetoIntegrador\\Camila\\ProjIntegradorArq1\\ProjIntegradorArq1\\MeSustenta\\vendor\\laravel\\framework\\src\\Illuminate\\Console\\Command.php(170): Symfony\\Component\\Console\\Command\\Command->run(Object(Symfony\\Component\\Console\\Input\\ArgvInput), Object(Illuminate\\Console\\OutputStyle))
#4 C:\\Users\\tomeshi\\Documents\\Andrea\\PFS2\\ProjetoIntegrador\\Camila\\ProjIntegradorArq1\\ProjIntegradorArq1\\MeSustenta\\vendor\\symfony\\console\\Application.php(921): Illuminate\\Console\\Command->run(Object(Symfony\\Component\\Console\\Input\\ArgvInput), Object(Symfony\\Component\\Console\\Output\\ConsoleOutput))
#5 C:\\Users\\tomeshi\\Documents\\Andrea\\PFS2\\ProjetoIntegrador\\Camila\\ProjIntegradorArq1\\ProjIntegradorArq1\\MeSustenta\\vendor\\symfony\\console\\Application.php(273): Symfony\\Component\\Console\\Application->doRunCommand(Object(Illuminate\\Foundation\\Console\\ServeCommand), Object(Symfony\\Component\\Console\\Input\\ArgvInput), Object(Symfony\\Component\\Console\\Output\\ConsoleOutput))
#6 C:\\Users\\tomeshi\\Documents\\Andrea\\PFS2\\ProjetoIntegrador\\Camila\\ProjIntegradorArq1\\ProjIntegradorArq1\\MeSustenta\\vendor\\symfony\\console\\Application.php(149): Symfony\\Component\\Console\\Application->doRun(Object(Symfony\\Component\\Console\\Input\\ArgvInput), Object(Symfony\\Component\\Console\\Output\\ConsoleOutput))
#7 C:\\Users\\tomeshi\\Documents\\Andrea\\PFS2\\ProjetoIntegrador\\Camila\\ProjIntegradorArq1\\ProjIntegradorArq1\\MeSustenta\\vendor\\laravel\\framework\\src\\Illuminate\\Console\\Application.php(90): Symfony\\Component\\Console\\Application->run(Object(Symfony\\Component\\Console\\Input\\ArgvInput), Object(Symfony\\Component\\Console\\Output\\ConsoleOutput))
#8 C:\\Users\\tomeshi\\Documents\\Andrea\\PFS2\\ProjetoIntegrador\\Camila\\ProjIntegradorArq1\\ProjIntegradorArq1\\MeSustenta\\vendor\\laravel\\framework\\src\\Illuminate\\Foundation\\Console\\Kernel.php(133): Illuminate\\Console\\Application->run(Object(Symfony\\Component\\Console\\Input\\ArgvInput), Object(Symfony\\Component\\Console\\Output\\ConsoleOutput))
#9 C:\\Users\\tomeshi\\Documents\\Andrea\\PFS2\\ProjetoIntegrador\\Camila\\ProjIntegradorArq1\\ProjIntegradorArq1\\MeSustenta\\artisan(37): Illuminate\\Foundation\\Console\\Kernel->handle(Object(Symfony\\Component\\Console\\Input\\ArgvInput), Object(Symfony\\Component\\Console\\Output\\ConsoleOutput))
#10 {main}
"} 
[2019-07-20 00:09:08] local.ERROR: Too many arguments, expected arguments "command". {"exception":"[object] (Symfony\\Component\\Console\\Exception\\RuntimeException(code: 0): Too many arguments, expected arguments \"command\". at C:\\Users\\tomeshi\\Documents\\Andrea\\PFS2\\ProjetoIntegrador\\Camila\\ProjIntegradorArq1\\ProjIntegradorArq1\\MeSustenta\\vendor\\symfony\\console\\Input\\ArgvInput.php:183)
[stacktrace]
#0 C:\\Users\\tomeshi\\Documents\\Andrea\\PFS2\\ProjetoIntegrador\\Camila\\ProjIntegradorArq1\\ProjIntegradorArq1\\MeSustenta\\vendor\\symfony\\console\\Input\\ArgvInput.php(86): Symfony\\Component\\Console\\Input\\ArgvInput->parseArgument('make:auth')
#1 C:\\Users\\tomeshi\\Documents\\Andrea\\PFS2\\ProjetoIntegrador\\Camila\\ProjIntegradorArq1\\ProjIntegradorArq1\\MeSustenta\\vendor\\symfony\\console\\Input\\Input.php(55): Symfony\\Component\\Console\\Input\\ArgvInput->parse()
#2 C:\\Users\\tomeshi\\Documents\\Andrea\\PFS2\\ProjetoIntegrador\\Camila\\ProjIntegradorArq1\\ProjIntegradorArq1\\MeSustenta\\vendor\\symfony\\console\\Command\\Command.php(214): Symfony\\Component\\Console\\Input\\Input->bind(Object(Symfony\\Component\\Console\\Input\\InputDefinition))
#3 C:\\Users\\tomeshi\\Documents\\Andrea\\PFS2\\ProjetoIntegrador\\Camila\\ProjIntegradorArq1\\ProjIntegradorArq1\\MeSustenta\\vendor\\laravel\\framework\\src\\Illuminate\\Console\\Command.php(170): Symfony\\Component\\Console\\Command\\Command->run(Object(Symfony\\Component\\Console\\Input\\ArgvInput), Object(Illuminate\\Console\\OutputStyle))
#4 C:\\Users\\tomeshi\\Documents\\Andrea\\PFS2\\ProjetoIntegrador\\Camila\\ProjIntegradorArq1\\ProjIntegradorArq1\\MeSustenta\\vendor\\symfony\\console\\Application.php(921): Illuminate\\Console\\Command->run(Object(Symfony\\Component\\Console\\Input\\ArgvInput), Object(Symfony\\Component\\Console\\Output\\ConsoleOutput))
#5 C:\\Users\\tomeshi\\Documents\\Andrea\\PFS2\\ProjetoIntegrador\\Camila\\ProjIntegradorArq1\\ProjIntegradorArq1\\MeSustenta\\vendor\\symfony\\console\\Application.php(273): Symfony\\Component\\Console\\Application->doRunCommand(Object(Illuminate\\Foundation\\Console\\ServeCommand), Object(Symfony\\Component\\Console\\Input\\ArgvInput), Object(Symfony\\Component\\Console\\Output\\ConsoleOutput))
#6 C:\\Users\\tomeshi\\Documents\\Andrea\\PFS2\\ProjetoIntegrador\\Camila\\ProjIntegradorArq1\\ProjIntegradorArq1\\MeSustenta\\vendor\\symfony\\console\\Application.php(149): Symfony\\Component\\Console\\Application->doRun(Object(Symfony\\Component\\Console\\Input\\ArgvInput), Object(Symfony\\Component\\Console\\Output\\ConsoleOutput))
#7 C:\\Users\\tomeshi\\Documents\\Andrea\\PFS2\\ProjetoIntegrador\\Camila\\ProjIntegradorArq1\\ProjIntegradorArq1\\MeSustenta\\vendor\\laravel\\framework\\src\\Illuminate\\Console\\Application.php(90): Symfony\\Component\\Console\\Application->run(Object(Symfony\\Component\\Console\\Input\\ArgvInput), Object(Symfony\\Component\\Console\\Output\\ConsoleOutput))
#8 C:\\Users\\tomeshi\\Documents\\Andrea\\PFS2\\ProjetoIntegrador\\Camila\\ProjIntegradorArq1\\ProjIntegradorArq1\\MeSustenta\\vendor\\laravel\\framework\\src\\Illuminate\\Foundation\\Console\\Kernel.php(133): Illuminate\\Console\\Application->run(Object(Symfony\\Component\\Console\\Input\\ArgvInput), Object(Symfony\\Component\\Console\\Output\\ConsoleOutput))
#9 C:\\Users\\tomeshi\\Documents\\Andrea\\PFS2\\ProjetoIntegrador\\Camila\\ProjIntegradorArq1\\ProjIntegradorArq1\\MeSustenta\\artisan(37): Illuminate\\Foundation\\Console\\Kernel->handle(Object(Symfony\\Component\\Console\\Input\\ArgvInput), Object(Symfony\\Component\\Console\\Output\\ConsoleOutput))
#10 {main}
"} 
[2019-07-20 00:10:06] local.ERROR: Too many arguments, expected arguments "command". {"exception":"[object] (Symfony\\Component\\Console\\Exception\\RuntimeException(code: 0): Too many arguments, expected arguments \"command\". at C:\\Users\\tomeshi\\Documents\\Andrea\\PFS2\\ProjetoIntegrador\\Camila\\ProjIntegradorArq1\\ProjIntegradorArq1\\MeSustenta\\vendor\\symfony\\console\\Input\\ArgvInput.php:183)
[stacktrace]
#0 C:\\Users\\tomeshi\\Documents\\Andrea\\PFS2\\ProjetoIntegrador\\Camila\\ProjIntegradorArq1\\ProjIntegradorArq1\\MeSustenta\\vendor\\symfony\\console\\Input\\ArgvInput.php(86): Symfony\\Component\\Console\\Input\\ArgvInput->parseArgument('make:auth')
#1 C:\\Users\\tomeshi\\Documents\\Andrea\\PFS2\\ProjetoIntegrador\\Camila\\ProjIntegradorArq1\\ProjIntegradorArq1\\MeSustenta\\vendor\\symfony\\console\\Input\\Input.php(55): Symfony\\Component\\Console\\Input\\ArgvInput->parse()
#2 C:\\Users\\tomeshi\\Documents\\Andrea\\PFS2\\ProjetoIntegrador\\Camila\\ProjIntegradorArq1\\ProjIntegradorArq1\\MeSustenta\\vendor\\symfony\\console\\Command\\Command.php(214): Symfony\\Component\\Console\\Input\\Input->bind(Object(Symfony\\Component\\Console\\Input\\InputDefinition))
#3 C:\\Users\\tomeshi\\Documents\\Andrea\\PFS2\\ProjetoIntegrador\\Camila\\ProjIntegradorArq1\\ProjIntegradorArq1\\MeSustenta\\vendor\\laravel\\framework\\src\\Illuminate\\Console\\Command.php(170): Symfony\\Component\\Console\\Command\\Command->run(Object(Symfony\\Component\\Console\\Input\\ArgvInput), Object(Illuminate\\Console\\OutputStyle))
#4 C:\\Users\\tomeshi\\Documents\\Andrea\\PFS2\\ProjetoIntegrador\\Camila\\ProjIntegradorArq1\\ProjIntegradorArq1\\MeSustenta\\vendor\\symfony\\console\\Application.php(921): Illuminate\\Console\\Command->run(Object(Symfony\\Component\\Console\\Input\\ArgvInput), Object(Symfony\\Component\\Console\\Output\\ConsoleOutput))
#5 C:\\Users\\tomeshi\\Documents\\Andrea\\PFS2\\ProjetoIntegrador\\Camila\\ProjIntegradorArq1\\ProjIntegradorArq1\\MeSustenta\\vendor\\symfony\\console\\Application.php(273): Symfony\\Component\\Console\\Application->doRunCommand(Object(Illuminate\\Foundation\\Console\\ServeCommand), Object(Symfony\\Component\\Console\\Input\\ArgvInput), Object(Symfony\\Component\\Console\\Output\\ConsoleOutput))
#6 C:\\Users\\tomeshi\\Documents\\Andrea\\PFS2\\ProjetoIntegrador\\Camila\\ProjIntegradorArq1\\ProjIntegradorArq1\\MeSustenta\\vendor\\symfony\\console\\Application.php(149): Symfony\\Component\\Console\\Application->doRun(Object(Symfony\\Component\\Console\\Input\\ArgvInput), Object(Symfony\\Component\\Console\\Output\\ConsoleOutput))
#7 C:\\Users\\tomeshi\\Documents\\Andrea\\PFS2\\ProjetoIntegrador\\Camila\\ProjIntegradorArq1\\ProjIntegradorArq1\\MeSustenta\\vendor\\laravel\\framework\\src\\Illuminate\\Console\\Application.php(90): Symfony\\Component\\Console\\Application->run(Object(Symfony\\Component\\Console\\Input\\ArgvInput), Object(Symfony\\Component\\Console\\Output\\ConsoleOutput))
#8 C:\\Users\\tomeshi\\Documents\\Andrea\\PFS2\\ProjetoIntegrador\\Camila\\ProjIntegradorArq1\\ProjIntegradorArq1\\MeSustenta\\vendor\\laravel\\framework\\src\\Illuminate\\Foundation\\Console\\Kernel.php(133): Illuminate\\Console\\Application->run(Object(Symfony\\Component\\Console\\Input\\ArgvInput), Object(Symfony\\Component\\Console\\Output\\ConsoleOutput))
#9 C:\\Users\\tomeshi\\Documents\\Andrea\\PFS2\\ProjetoIntegrador\\Camila\\ProjIntegradorArq1\\ProjIntegradorArq1\\MeSustenta\\artisan(37): Illuminate\\Foundation\\Console\\Kernel->handle(Object(Symfony\\Component\\Console\\Input\\ArgvInput), Object(Symfony\\Component\\Console\\Output\\ConsoleOutput))
#10 {main}
"} 
[2019-07-20 00:10:19] local.ERROR: Too many arguments, expected arguments "command". {"exception":"[object] (Symfony\\Component\\Console\\Exception\\RuntimeException(code: 0): Too many arguments, expected arguments \"command\". at C:\\Users\\tomeshi\\Documents\\Andrea\\PFS2\\ProjetoIntegrador\\Camila\\ProjIntegradorArq1\\ProjIntegradorArq1\\MeSustenta\\vendor\\symfony\\console\\Input\\ArgvInput.php:183)
[stacktrace]
#0 C:\\Users\\tomeshi\\Documents\\Andrea\\PFS2\\ProjetoIntegrador\\Camila\\ProjIntegradorArq1\\ProjIntegradorArq1\\MeSustenta\\vendor\\symfony\\console\\Input\\ArgvInput.php(86): Symfony\\Component\\Console\\Input\\ArgvInput->parseArgument('make:auth')
#1 C:\\Users\\tomeshi\\Documents\\Andrea\\PFS2\\ProjetoIntegrador\\Camila\\ProjIntegradorArq1\\ProjIntegradorArq1\\MeSustenta\\vendor\\symfony\\console\\Input\\Input.php(55): Symfony\\Component\\Console\\Input\\ArgvInput->parse()
#2 C:\\Users\\tomeshi\\Documents\\Andrea\\PFS2\\ProjetoIntegrador\\Camila\\ProjIntegradorArq1\\ProjIntegradorArq1\\MeSustenta\\vendor\\symfony\\console\\Command\\Command.php(214): Symfony\\Component\\Console\\Input\\Input->bind(Object(Symfony\\Component\\Console\\Input\\InputDefinition))
#3 C:\\Users\\tomeshi\\Documents\\Andrea\\PFS2\\ProjetoIntegrador\\Camila\\ProjIntegradorArq1\\ProjIntegradorArq1\\MeSustenta\\vendor\\laravel\\framework\\src\\Illuminate\\Console\\Command.php(170): Symfony\\Component\\Console\\Command\\Command->run(Object(Symfony\\Component\\Console\\Input\\ArgvInput), Object(Illuminate\\Console\\OutputStyle))
#4 C:\\Users\\tomeshi\\Documents\\Andrea\\PFS2\\ProjetoIntegrador\\Camila\\ProjIntegradorArq1\\ProjIntegradorArq1\\MeSustenta\\vendor\\symfony\\console\\Application.php(921): Illuminate\\Console\\Command->run(Object(Symfony\\Component\\Console\\Input\\ArgvInput), Object(Symfony\\Component\\Console\\Output\\ConsoleOutput))
#5 C:\\Users\\tomeshi\\Documents\\Andrea\\PFS2\\ProjetoIntegrador\\Camila\\ProjIntegradorArq1\\ProjIntegradorArq1\\MeSustenta\\vendor\\symfony\\console\\Application.php(273): Symfony\\Component\\Console\\Application->doRunCommand(Object(Illuminate\\Foundation\\Console\\ServeCommand), Object(Symfony\\Component\\Console\\Input\\ArgvInput), Object(Symfony\\Component\\Console\\Output\\ConsoleOutput))
#6 C:\\Users\\tomeshi\\Documents\\Andrea\\PFS2\\ProjetoIntegrador\\Camila\\ProjIntegradorArq1\\ProjIntegradorArq1\\MeSustenta\\vendor\\symfony\\console\\Application.php(149): Symfony\\Component\\Console\\Application->doRun(Object(Symfony\\Component\\Console\\Input\\ArgvInput), Object(Symfony\\Component\\Console\\Output\\ConsoleOutput))
#7 C:\\Users\\tomeshi\\Documents\\Andrea\\PFS2\\ProjetoIntegrador\\Camila\\ProjIntegradorArq1\\ProjIntegradorArq1\\MeSustenta\\vendor\\laravel\\framework\\src\\Illuminate\\Console\\Application.php(90): Symfony\\Component\\Console\\Application->run(Object(Symfony\\Component\\Console\\Input\\ArgvInput), Object(Symfony\\Component\\Console\\Output\\ConsoleOutput))
#8 C:\\Users\\tomeshi\\Documents\\Andrea\\PFS2\\ProjetoIntegrador\\Camila\\ProjIntegradorArq1\\ProjIntegradorArq1\\MeSustenta\\vendor\\laravel\\framework\\src\\Illuminate\\Foundation\\Console\\Kernel.php(133): Illuminate\\Console\\Application->run(Object(Symfony\\Component\\Console\\Input\\ArgvInput), Object(Symfony\\Component\\Console\\Output\\ConsoleOutput))
#9 C:\\Users\\tomeshi\\Documents\\Andrea\\PFS2\\ProjetoIntegrador\\Camila\\ProjIntegradorArq1\\ProjIntegradorArq1\\MeSustenta\\artisan(37): Illuminate\\Foundation\\Console\\Kernel->handle(Object(Symfony\\Component\\Console\\Input\\ArgvInput), Object(Symfony\\Component\\Console\\Output\\ConsoleOutput))
#10 {main}
"} 
[2019-07-20 00:11:07] local.ERROR: Too many arguments, expected arguments "command". {"exception":"[object] (Symfony\\Component\\Console\\Exception\\RuntimeException(code: 0): Too many arguments, expected arguments \"command\". at C:\\Users\\tomeshi\\Documents\\Andrea\\PFS2\\ProjetoIntegrador\\Camila\\ProjIntegradorArq1\\ProjIntegradorArq1\\MeSustenta\\vendor\\symfony\\console\\Input\\ArgvInput.php:183)
[stacktrace]
#0 C:\\Users\\tomeshi\\Documents\\Andrea\\PFS2\\ProjetoIntegrador\\Camila\\ProjIntegradorArq1\\ProjIntegradorArq1\\MeSustenta\\vendor\\symfony\\console\\Input\\ArgvInput.php(86): Symfony\\Component\\Console\\Input\\ArgvInput->parseArgument('make:auth')
#1 C:\\Users\\tomeshi\\Documents\\Andrea\\PFS2\\ProjetoIntegrador\\Camila\\ProjIntegradorArq1\\ProjIntegradorArq1\\MeSustenta\\vendor\\symfony\\console\\Input\\Input.php(55): Symfony\\Component\\Console\\Input\\ArgvInput->parse()
#2 C:\\Users\\tomeshi\\Documents\\Andrea\\PFS2\\ProjetoIntegrador\\Camila\\ProjIntegradorArq1\\ProjIntegradorArq1\\MeSustenta\\vendor\\symfony\\console\\Command\\Command.php(214): Symfony\\Component\\Console\\Input\\Input->bind(Object(Symfony\\Component\\Console\\Input\\InputDefinition))
#3 C:\\Users\\tomeshi\\Documents\\Andrea\\PFS2\\ProjetoIntegrador\\Camila\\ProjIntegradorArq1\\ProjIntegradorArq1\\MeSustenta\\vendor\\laravel\\framework\\src\\Illuminate\\Console\\Command.php(170): Symfony\\Component\\Console\\Command\\Command->run(Object(Symfony\\Component\\Console\\Input\\ArgvInput), Object(Illuminate\\Console\\OutputStyle))
#4 C:\\Users\\tomeshi\\Documents\\Andrea\\PFS2\\ProjetoIntegrador\\Camila\\ProjIntegradorArq1\\ProjIntegradorArq1\\MeSustenta\\vendor\\symfony\\console\\Application.php(921): Illuminate\\Console\\Command->run(Object(Symfony\\Component\\Console\\Input\\ArgvInput), Object(Symfony\\Component\\Console\\Output\\ConsoleOutput))
#5 C:\\Users\\tomeshi\\Documents\\Andrea\\PFS2\\ProjetoIntegrador\\Camila\\ProjIntegradorArq1\\ProjIntegradorArq1\\MeSustenta\\vendor\\symfony\\console\\Application.php(273): Symfony\\Component\\Console\\Application->doRunCommand(Object(Illuminate\\Foundation\\Console\\ServeCommand), Object(Symfony\\Component\\Console\\Input\\ArgvInput), Object(Symfony\\Component\\Console\\Output\\ConsoleOutput))
#6 C:\\Users\\tomeshi\\Documents\\Andrea\\PFS2\\ProjetoIntegrador\\Camila\\ProjIntegradorArq1\\ProjIntegradorArq1\\MeSustenta\\vendor\\symfony\\console\\Application.php(149): Symfony\\Component\\Console\\Application->doRun(Object(Symfony\\Component\\Console\\Input\\ArgvInput), Object(Symfony\\Component\\Console\\Output\\ConsoleOutput))
#7 C:\\Users\\tomeshi\\Documents\\Andrea\\PFS2\\ProjetoIntegrador\\Camila\\ProjIntegradorArq1\\ProjIntegradorArq1\\MeSustenta\\vendor\\laravel\\framework\\src\\Illuminate\\Console\\Application.php(90): Symfony\\Component\\Console\\Application->run(Object(Symfony\\Component\\Console\\Input\\ArgvInput), Object(Symfony\\Component\\Console\\Output\\ConsoleOutput))
#8 C:\\Users\\tomeshi\\Documents\\Andrea\\PFS2\\ProjetoIntegrador\\Camila\\ProjIntegradorArq1\\ProjIntegradorArq1\\MeSustenta\\vendor\\laravel\\framework\\src\\Illuminate\\Foundation\\Console\\Kernel.php(133): Illuminate\\Console\\Application->run(Object(Symfony\\Component\\Console\\Input\\ArgvInput), Object(Symfony\\Component\\Console\\Output\\ConsoleOutput))
#9 C:\\Users\\tomeshi\\Documents\\Andrea\\PFS2\\ProjetoIntegrador\\Camila\\ProjIntegradorArq1\\ProjIntegradorArq1\\MeSustenta\\artisan(37): Illuminate\\Foundation\\Console\\Kernel->handle(Object(Symfony\\Component\\Console\\Input\\ArgvInput), Object(Symfony\\Component\\Console\\Output\\ConsoleOutput))
#10 {main}
"} 
